<?xml version="1.0" encoding="UTF-8"?>
<!-- Generated by org.testng.reporters.JUnitReportReporter -->
<testsuite hostname="DESKTOP-T6KLQOF" failures="0" tests="1" name="driverFactory.AppTest" time="13.810" errors="0" timestamp="2024-04-25T08:12:21 IST" skipped="0">
  <testcase classname="driverFactory.AppTest" name="kickStart" time="13.810"/>
</testsuite> <!-- driverFactory.AppTest -->
